Import warnings from file: C:\Users\Vinicius Oliveira\Desktop\Project.xml (27/08/25 08:51:28)
=============================================================================================


Import warnings from file: C:\Users\Vinicius Oliveira\Desktop\Programs_7.xml (01/09/25 13:31:24)
================================================================================================


Import warnings from file: C:\Users\Vinicius Oliveira\Desktop\Programs_7.xml (01/09/25 14:12:54)
================================================================================================


Import warnings from file: C:\Users\Vinicius Oliveira\Desktop\Programs_7.xml (02/09/25 13:17:10)
================================================================================================


Import warnings from file: C:\Users\Vinicius Oliveira\Desktop\Programs_14.xml (09/04/25 09:56:06)
=================================================================================================


Import warnings from file: C:\Users\Vinicius Oliveira\Desktop\Programs_9.xml (09/04/25 08:59:01)
================================================================================================


Import warnings from file: C:\Users\Vinicius Oliveira\Desktop\Programs_9.xml (09/04/25 09:02:11)
================================================================================================


Import warnings from file: C:\Users\Vinicius Oliveira\Desktop\Programs_9.xml (09/04/25 09:09:46)
================================================================================================


Import warnings from file: C:\Users\Vinicius Oliveira\Desktop\Programs_9.xml (09/04/25 14:48:11)
================================================================================================


Import warnings from file: C:\Users\Vinicius Oliveira\Desktop\Programs.xml (09/04/25 15:27:40)
==============================================================================================

In Program/Task 16.1 - Expression parse error (4852)

Import warnings from file: C:\Users\Vinicius Oliveira\Desktop\Programs.xml (09/04/25 10:37:03)
==============================================================================================

In Program/Task 15.1 - Expression parse error (4852)

